<?xml version="1.0" encoding="UTF-8"?>
<!-- Generated by org.testng.reporters.JUnitReportReporter -->
<testsuite skipped="0" hostname="DESKTOP-FC3BM6V" name="com.selenium.Invokechrome" tests="1" failures="0" timestamp="25 Apr 2021 10:35:00 GMT" time="9.517" errors="0">
  <testcase name="chromeProgram" time="9.517" classname="com.selenium.Invokechrome"/>
</testsuite> <!-- com.selenium.Invokechrome -->
